<?xml version="1.0" encoding="UTF-8"?>
<!-- Generated by org.testng.reporters.JUnitReportReporter -->
<testsuite skipped="0" hostname="LAPTOP-E8PU3SFA" name="com.salesforce.qa.testcases.LoginPageTest" tests="3" failures="0" timestamp="10 Feb 2020 07:18:05 GMT" time="15.300" errors="0">
  <testcase name="loginPageTitleTest" time="4.608" classname="com.salesforce.qa.testcases.LoginPageTest"/>
  <testcase name="salesforceLogoTest" time="4.660" classname="com.salesforce.qa.testcases.LoginPageTest"/>
  <testcase name="loginTest" time="6.032" classname="com.salesforce.qa.testcases.LoginPageTest"/>
</testsuite> <!-- com.salesforce.qa.testcases.LoginPageTest -->
