<?xml version="1.0" encoding="UTF-8"?>
<!-- Generated by org.testng.reporters.JUnitReportReporter -->
<testsuite skipped="0" hostname="LAPTOP-E8PU3SFA" name="com.salesforce.qa.testcases.ContactPageTest" tests="3" failures="0" timestamp="10 Feb 2020 08:10:16 GMT" time="31.017" errors="0">
  <testcase name="verifyingContactDropDownTest" time="8.995" classname="com.salesforce.qa.testcases.ContactPageTest"/>
  <testcase name="createnewContactTest" time="9.964" classname="com.salesforce.qa.testcases.ContactPageTest"/>
  <testcase name="createnewContactTest" time="12.058" classname="com.salesforce.qa.testcases.ContactPageTest"/>
</testsuite> <!-- com.salesforce.qa.testcases.ContactPageTest -->
