<?xml version="1.0" encoding="UTF-8"?>
<!-- Generated by org.testng.reporters.JUnitReportReporter -->
<testsuite skipped="3" hostname="LAPTOP-E8PU3SFA" name="com.salesforce.qa.testcases.HomePageTest" tests="5" failures="0" timestamp="10 Feb 2020 08:10:16 GMT" time="39.495" errors="0">
  <testcase name="clickOnContactsPageTest" time="18.229" classname="com.salesforce.qa.testcases.HomePageTest"/>
  <testcase name="clickonProfileSettingsTest" time="21.266" classname="com.salesforce.qa.testcases.HomePageTest"/>
  <testcase name="verifyUserNameTest" classname="com.salesforce.qa.testcases.HomePageTest">
    <skipped/>
  </testcase> <!-- verifyUserNameTest -->
  <testcase name="verifyHomePageTitleTest" classname="com.salesforce.qa.testcases.HomePageTest">
    <skipped/>
  </testcase> <!-- verifyHomePageTitleTest -->
  <testcase name="clickonLeadPageTest" classname="com.salesforce.qa.testcases.HomePageTest">
    <skipped/>
  </testcase> <!-- clickonLeadPageTest -->
</testsuite> <!-- com.salesforce.qa.testcases.HomePageTest -->
