<?xml version="1.0" encoding="UTF-8"?>
<!-- Generated by org.testng.reporters.JUnitReportReporter -->
<testsuite skipped="0" hostname="LAPTOP-E8PU3SFA" name="com.salesforce.qa.testcases.ProfilePageTest" tests="1" failures="0" timestamp="10 Feb 2020 08:10:16 GMT" time="22.306" errors="0">
  <testcase name="uploadingPicture" time="22.306" classname="com.salesforce.qa.testcases.ProfilePageTest"/>
</testsuite> <!-- com.salesforce.qa.testcases.ProfilePageTest -->
